#
# There is insufficient memory for the Java Runtime Environment to continue.
# Native memory allocation (malloc) failed to allocate 1048576 bytes for AllocateHeap
# Possible reasons:
#   The system is out of physical RAM or swap space
#   In 32 bit mode, the process size limit was hit
# Possible solutions:
#   Reduce memory load on the system
#   Increase physical memory or swap space
#   Check if swap backing store is full
#   Use 64 bit Java on a 64 bit OS
#   Decrease Java heap size (-Xmx/-Xms)
#   Decrease number of Java threads
#   Decrease Java thread stack sizes (-Xss)
#   Set larger code cache with -XX:ReservedCodeCacheSize=
# This output file may be truncated or incomplete.
#
#  Out of Memory Error (memory/allocation.inline.hpp:61), pid=9108, tid=8488
#
# JRE version:  (8.0_51-b16) (build )
# Java VM: Java HotSpot(TM) 64-Bit Server VM (25.51-b03 mixed mode windows-amd64 compressed oops)
# Failed to write core dump. Minidumps are not enabled by default on client versions of Windows
#

---------------  T H R E A D  ---------------

Current thread (0x0000000002190800):  JavaThread "Unknown thread" [_thread_in_vm, id=8488, stack(0x0000000002000000,0x0000000002100000)]

Stack: [0x0000000002000000,0x0000000002100000]
Native frames: (J=compiled Java code, j=interpreted, Vv=VM code, C=native code)
V  [jvm.dll+0x32b4ca]
V  [jvm.dll+0x2797e3]
V  [jvm.dll+0x27a479]
V  [jvm.dll+0x271765]
V  [jvm.dll+0x1606]
V  [jvm.dll+0x3f7dd2]
V  [jvm.dll+0x3f876f]
V  [jvm.dll+0x3f883d]
V  [jvm.dll+0x3f8a06]
V  [jvm.dll+0xf2c22]
V  [jvm.dll+0x20f0a9]
V  [jvm.dll+0x240d2a]
V  [jvm.dll+0x15b9a1]
C  [java.exe+0x216e]
C  [java.exe+0xcd07]
C  [java.exe+0xcd9b]
C  [KERNEL32.DLL+0x12d92]
C  [ntdll.dll+0x9f64]


---------------  P R O C E S S  ---------------

Java Threads: ( => current thread )

Other Threads:

=>0x0000000002190800 (exited) JavaThread "Unknown thread" [_thread_in_vm, id=8488, stack(0x0000000002000000,0x0000000002100000)]

VM state:not at safepoint (normal execution)

VM Mutex/Monitor currently owned by a thread: None

Heap:
 PSYoungGen      total 38400K, used 665K [0x00000000eab00000, 0x00000000ed580000, 0x0000000100000000)
  eden space 33280K, 2% used [0x00000000eab00000,0x00000000eaba6670,0x00000000ecb80000)
  from space 5120K, 0% used [0x00000000ed080000,0x00000000ed080000,0x00000000ed580000)
  to   space 5120K, 0% used [0x00000000ecb80000,0x00000000ecb80000,0x00000000ed080000)
 ParOldGen       total 87552K, used 0K [0x00000000c0000000, 0x00000000c5580000, 0x00000000eab00000)
  object space 87552K, 0% used [0x00000000c0000000,0x00000000c0000000,0x00000000c5580000)
 Metaspace       used 766K, capacity 4480K, committed 4480K, reserved 1056768K
  class space    used 75K, capacity 384K, committed 384K, reserved 1048576K

Card table byte_map: [0x0000000011650000,0x0000000011860000] byte_map_base: 0x0000000011050000

Marking Bits: (ParMarkBitMap*) 0x0000000056314040
 Begin Bits: [0x00000000121c0000, 0x00000000131c0000)
 End Bits:   [0x00000000131c0000, 0x00000000141c0000)

Polling page: 0x0000000001fa0000

CodeCache: size=245760Kb used=328Kb max_used=328Kb free=245431Kb
 bounds [0x0000000002290000, 0x0000000002500000, 0x0000000011290000]
 total_blobs=57 nmethods=0 adapters=37
 compilation: enabled

Compilation events (0 events):
No events

GC Heap History (0 events):
No events

Deoptimization events (0 events):
No events

Internal exceptions (0 events):
No events

Events (10 events):
Event: 0.025 loading class java/lang/Short
Event: 0.025 loading class java/lang/Short done
Event: 0.025 loading class java/lang/Integer
Event: 0.025 loading class java/lang/Integer done
Event: 0.025 loading class java/lang/Long
Event: 0.026 loading class java/lang/Long done
Event: 0.026 loading class java/lang/NullPointerException
Event: 0.026 loading class java/lang/NullPointerException done
Event: 0.026 loading class java/lang/ArithmeticException
Event: 0.026 loading class java/lang/ArithmeticException done


Dynamic libraries:
0x00007ff7edae0000 - 0x00007ff7edb17000 	C:\Tools\Java\jdk8_51\bin\java.exe
0x00007ffbf2a70000 - 0x00007ffbf2c31000 	C:\WINDOWS\SYSTEM32\ntdll.dll
0x00007ffbf0140000 - 0x00007ffbf01ed000 	C:\WINDOWS\system32\KERNEL32.DLL
0x00007ffbeff10000 - 0x00007ffbf00ed000 	C:\WINDOWS\system32\KERNELBASE.dll
0x00007ffbf0290000 - 0x00007ffbf0336000 	C:\WINDOWS\system32\ADVAPI32.dll
0x00007ffbf01f0000 - 0x00007ffbf028d000 	C:\WINDOWS\system32\msvcrt.dll
0x00007ffbf22b0000 - 0x00007ffbf230b000 	C:\WINDOWS\system32\sechost.dll
0x00007ffbf0340000 - 0x00007ffbf0466000 	C:\WINDOWS\system32\RPCRT4.dll
0x00007ffbf2750000 - 0x00007ffbf289e000 	C:\WINDOWS\system32\USER32.dll
0x00007ffbf07a0000 - 0x00007ffbf0926000 	C:\WINDOWS\system32\GDI32.dll
0x00007ffbe39b0000 - 0x00007ffbe3c24000 	C:\WINDOWS\WinSxS\amd64_microsoft.windows.common-controls_6595b64144ccf1df_6.0.10240.16384_none_f41f7b285750ef43\COMCTL32.dll
0x00007ffbf2710000 - 0x00007ffbf2746000 	C:\WINDOWS\system32\IMM32.DLL
0x00007ffbf1e60000 - 0x00007ffbf1fbc000 	C:\WINDOWS\system32\MSCTF.dll
0x0000000055750000 - 0x0000000055822000 	C:\Tools\Java\jdk8_51\jre\bin\msvcr100.dll
0x0000000055b10000 - 0x0000000056393000 	C:\Tools\Java\jdk8_51\jre\bin\server\jvm.dll
0x00007ffbf2610000 - 0x00007ffbf2618000 	C:\WINDOWS\system32\PSAPI.DLL
0x00007ffbece60000 - 0x00007ffbece69000 	C:\WINDOWS\SYSTEM32\WSOCK32.dll
0x00007ffbe4bf0000 - 0x00007ffbe4bfa000 	C:\WINDOWS\SYSTEM32\VERSION.dll
0x00007ffbed050000 - 0x00007ffbed073000 	C:\WINDOWS\SYSTEM32\WINMM.dll
0x00007ffbf2240000 - 0x00007ffbf22a9000 	C:\WINDOWS\system32\WS2_32.dll
0x00007ffbf0680000 - 0x00007ffbf0688000 	C:\WINDOWS\system32\NSI.dll
0x0000000001f30000 - 0x0000000001f5c000 	C:\WINDOWS\SYSTEM32\WINMMBASE.dll
0x00007ffbf00f0000 - 0x00007ffbf0134000 	C:\WINDOWS\system32\cfgmgr32.dll
0x00007ffbede10000 - 0x00007ffbede37000 	C:\WINDOWS\SYSTEM32\DEVOBJ.dll
0x00000000565e0000 - 0x00000000565ef000 	C:\Tools\Java\jdk8_51\jre\bin\verify.dll
0x00000000565b0000 - 0x00000000565d9000 	C:\Tools\Java\jdk8_51\jre\bin\java.dll
0x0000000056590000 - 0x00000000565a6000 	C:\Tools\Java\jdk8_51\jre\bin\zip.dll
0x00007ffbe2ef0000 - 0x00007ffbe307a000 	C:\WINDOWS\SYSTEM32\dbghelp.dll

VM Arguments:
jvm_args: -Xmx1024M -Dfile.encoding=windows-1252 -Duser.country=US -Duser.language=en -Duser.variant 
java_command: com.android.dx.command.Main --dex --output C:\Tools\src\Android\FragmentBasics\app\build\intermediates\pre-dexed\debug\classes-b3d3941b98dd67089cef2eec70d12cb46b0988b4.jar C:\Tools\src\Android\FragmentBasics\app\build\intermediates\exploded-aar\com.android.support\support-v4\22.2.0\jars\classes.jar
java_class_path (initial): C:\Users\ManuelVicente\Android\sdk\build-tools\22.0.1\lib\dx.jar
Launcher Type: SUN_STANDARD

Environment Variables:
JAVA_HOME=c:\Tools\Java\jdk8_51\jre
PATH=c:\Tools\Java\jdk8_51\jre\bin;c:\Tools\Java\jdk8_51\jre\..\bin;C:\ProgramData\Oracle\Java\javapath;C:\Program Files (x86)\Intel\iCLS Client\;C:\Program Files\Intel\iCLS Client\;C:\WINDOWS\system32;C:\WINDOWS;C:\WINDOWS\System32\Wbem;C:\WINDOWS\System32\WindowsPowerShell\v1.0\;C:\Program Files\Intel\Intel(R) Management Engine Components\DAL;C:\Program Files\Intel\Intel(R) Management Engine Components\IPT;C:\Program Files (x86)\Intel\Intel(R) Management Engine Components\DAL;C:\Program Files (x86)\Intel\Intel(R) Management Engine Components\IPT;C:\Program Files (x86)\ATI Technologies\ATI.ACE\Core-Static;C:\Program Files\Lenovo\Bluetooth Software\;C:\Program Files\Lenovo\Bluetooth Software\syswow64;C:\Program Files (x86)\GNU\GnuPG\pub;C:\Program Files (x86)\Skype\Phone\
USERNAME=ManuelVicente
OS=Windows_NT
PROCESSOR_IDENTIFIER=Intel64 Family 6 Model 60 Stepping 3, GenuineIntel



---------------  S Y S T E M  ---------------

OS: Windows 10.0 , 64 bit Build 10240 (10.0.10240.16384)

CPU:total 8 (4 cores per cpu, 2 threads per core) family 6 model 60 stepping 3, cmov, cx8, fxsr, mmx, sse, sse2, sse3, ssse3, sse4.1, sse4.2, popcnt, avx, avx2, aes, clmul, erms, lzcnt, ht, tsc, tscinvbit, bmi1, bmi2

Memory: 4k page, physical 8298776k(1125296k free), swap 8298776k(5404k free)

vm_info: Java HotSpot(TM) 64-Bit Server VM (25.51-b03) for windows-amd64 JRE (1.8.0_51-b16), built on Jun  8 2015 18:03:07 by "java_re" with MS VC++ 10.0 (VS2010)

time: Wed Aug 26 00:02:53 2015
elapsed time: 0 seconds (0d 0h 0m 0s)

